StAX processor created successfully
Starting file processing
Editors:
xscvxc - 2005981
Miroff - 560406
siberiano - 436871
msergeyv100 - 286077
vitstud54 - 117949
Kaylee - 99500
AndreySmirnov - 98787
whalerich - 98086
Pavel Melnikov - 96683
Sherper - 94298
demon_h - 83549
Guamo - 64595
A54 - 59172
Antonio_92 - 52103
koSS_Rus - 44290
oo-O-oo - 42530
ONT - 41282
Magomogo - 40057
yohanson - 32302
alex_hitman - 27042
mike_lyulyukin - 26618
maximaximax - 26484
–ì–µ–æ–≥—Ä–∞—Ñ - 25685
velonavt - 24863
MAS - 21969
rockcreek - 20626
–ü–∞–≤–µ–ª –Ø—Ä–∏–Ω—é–∫ - 20197
VlIvYur - 19264
katpatuka - 18049
Nikolaev - 17004
ilya3l - 16177
pruosm - 14968
ImmortAlex - 13317
Ratty - 12513
serhod - 12437
afonin - 12368
ThaJk - 11920
vanomel - 11103
Karaban2008 - 10728
andrewK - 10011
malic - 10003
–ë–∞—Å–º–∞—á - 9446
vanchester - 6419
SunWind1076 - 6053
PARKER1979 - 5820
Vodila_55 - 5513
Takuto - 5323
usama - 5286
ordorub - 5230
Shtirlits - 4642
Fenuks - 4537
–û—à–∫—É–π - 4528
Z440 - 4523
F1ex - 4499
Anatoli - 4441
markonspbkem - 4292
max041 - 4292
Sergey_Dzhagov - 4202
Kuprienko_Viktor - 4185
Aleksandr Dezhin - 4029
zebooka - 3915
GreedyGhost - 3775
titanlis - 3678
alex_k1 - 3662
orb04 - 3648
kimol - 3583
ghelius - 3450
CrazyViny - 2986
Upliner - 2936
Gde-ja - 2891
Artamonovserg - 2841
Sergey N - 2692
Sasha_belok - 2577
Stroger - 2496
dimryb - 2487
zynsk - 2260
te_mark - 2248
Brait - 2076
MichaelCollinson - 2064
OldIvantey - 1817
lmaximov - 1738
Dharma-ae - 1731
–í–∏—Ç–∞–ª–∏–π –ú–∞—Ö–Ω–æ - 1639
v-ozersk - 1637
MrYadro - 1602
Vlad2011_2011 - 1519
pankdm - 1512
bs1980 - 1508
Jake Strine - 1461
iWowik - 1430
Inego - 1310
IVM - 1308
Spol81 - 1298
Xmypblu - 1279
test67 - 1279
Mob!us - 1254
–ú–∞–∫—Å–∏–º–ì–∞–≤—Ä–æ–Ω–∏–Ω - 1226
ffk - 1188
Kom—èpa - 1175
–≠—Ü–µ–ª–æ–ø - 1124
Kostik - 1112
Slau - 1092
Cronium - 1018
AMDmi3 - 1009
old_Bibigon - 983
Kosyak - 945
OldStar - 938
axtom - 934
Igor Reshta - 932
dndred - 918
SolTomsk1 - 916
progserega - 916
RSergei - 903
Whitenight - 893
Stane - 865
donprogramist - 853
–ê–ª–µ–∫—Å–∞–Ω–¥—Ä –û–±–ª–∏–≤–∞–ª—å–Ω—ã–π - 806
Dommel5 - 765
apLight - 747
jmaks - 747
maa - 745
Angara - 742
denis_burij - 721
Dyom - 717
dkiselev - 709
demon1981 - 707
layt - 704
–ê–Ω–¥—Ä–µ–π –î—É–Ω–∞–µ–≤ - 691
Golovco Anatolie - 688
literan - 667
LeonidDemidow - 662
Baris17 - 661
Yurez_nsk - 658
Silver87 - 651
AleXanDeR_G - 648
Nucleardragon - 643
toyotagps - 615
mesousa - 597
Aleksey Ovchinnikov - 594
telefonist - 593
rogallic - 586
telec121 - 566
DmitrySA - 564
54navi - 554
guggis - 553
Zhivin - 551
alex_iz_novosiba - 544
veslav - 521
iPhonin - 514
devo4ka-napilnik - 503
UMA - 494
Angry Lizard - 491
dfcz55-73 - 490
ogion76 - 465
sersilin - 456
olegta - 451
ivan-ivanych - 451
shrk - 450
Alexey - 447
yandobrov - 443
DDD5 - 433
Pavel_Ku - 394
dfcz55 - 383
bayl - 380
alexmak - 374
Mars_Bogdanow - 371
Byrbl - 369
orionll - 360
vezneves1 - 350
kir - 349
parukhin - 349
pavel_vv - 344
LLlypuk82 - 335
lifeslider - 334
chilin - 333
Fuse100A - 332
sefas - 329
Karemater - 326
Victor Kachesov - 320
w23 - 313
Maarten Deen - 311
Stalker61 - 303
Alexander Leschinsky - 303
rrv - 299
LexIgnatov - 295
Scaurr0ck - 292
Maxim_NSK - 289
andrean_ - 288
Ramir - 287
Yuri Zimin - 284
Xray2 - 279
keepright! er - 276
Greensk - 275
–ë—É–∫–∏–Ω - 275
aleksey777 - 273
–ê–π–≥–∞–Ω - 269
mkolomeitsev - 268
doga - 266
KartaBY - 256
Dmitry Y - 244
–§–µ–¥–æ—Å–æ–≤ –°–µ—Ä–≥–µ–π - 233
chnav - 231
Andrej293 - 225
Egor Kalinovsky - 213
Andrey Astrakhanzev - 212
Lazarevsk - 203
_VAsek_ - 202
Dimcus - 202
polemiker10 - 199
brlumen - 194
–ê–ª–µ–∫—Å812 - 186
s1eepwa1ker - 184
Runich - 181
dostalker - 175
Serguei Dukachev - 173
tony-k - 170
AduchiMergen - 166
alienchita - 164
glebius - 161
Fox_sibirsky - 161
mit3612 - 155
Larchen - 153
Dmanys - 152
dannykath - 151
FvGordon - 149
tav - 149
Premer - 148
Kudr - 147
Ed_MSL - 146
altsky - 146
OSMF Redaction Account - 144
wicked - 144
vomuanyd - 144
Strober - 142
TarzanASG - 142
Demon_NSK - 140
Practix - 138
aptala - 136
RymenarNsk - 135
ipp1963 - 134
–°–∞–Ω—á–µ—Å - 130
webart50 - 128
Azork - 128
samely - 128
kosmosoff - 127
Brom - 126
antonpa - 126
werner2101 - 126
DerLeere - 121
gao - 121
Constantin1913 - 120
Nicolai - 117
soumrachnij - 114
Helmchen42 - 112
Alexander Svidcehnkov - 111
box_911 - 111
ivn64 - 109
wawont - 108
xakpc - 106
Ruffian - 105
Citibiker - 104
Sergey001 - 104
–ë–µ–ª–æ–º–∏—Ä - 101
Voldemar0 - 97
Akela710 - 96
vGross - 95
Max Vasilev - 95
Evrozvuk - 94
dedok - 92
KartaFan - 92
–ê–Ω–¥—Ä–µ–π –û–º–µ–ª—å—á—É–∫ - 92
AlRight - 87
koala42 - 87
Olta - 87
Skrat  nsk - 83
jaimemd - 83
Art9 - 83
RichRico - 82
johny - 81
greencaps - 81
bigalxyz123 - 81
agamemn - 79
kamondir - 79
sfedor - 79
ssv - 79
–ï–≤–≥–µ–Ω1991 - 78
Felis Pimeja - 77
LamerXaKer - 77
abel801 - 77
Volchara - 76
AliasVector - 75
–ó–∞–π—Ü–µ–≤–∞ –ê–ª–µ–Ω–∞ - 73
Silent7 - 72
vfjj - 72
Kirasir - 71
hsn208 - 71
Ansider - 70
m3a1 - 70
maxphizik - 69
lurlrlrl - 68
wd75 - 68
Jane4ka - 65
temark - 65
Di Anre - 65
Margarita24 - 64
Rage Sergey - 61
kotofos - 60
alexderev - 60
Paul Shmarev - 59
fubor76 - 59
sibwest - 59
–ú–∞–∫—Å - 59
i-l-j-a - 58
arcth - 57
esaulenka - 57
Wild1 - 57
VyacheslavS - 56
Den26 - 55
loktionov - 54
AntonSlusar - 53
icepilot - 53
S T - 52
Evgenii__K - 51
alexMAP - 51
maria159 - 50
Vbif - 50
max630 - 50
turula - 49
–í–ª–∞–¥_chip - 49
AnVas - 48
Rimdus - 47
VTanya - 46
unknown365 - 46
purumub - 45
alcm-b - 45
mariya-romasheva - 45
anton_sh - 43
Ensay - 42
emptySA - 42
TourenHannes - 42
arteam - 41
–ú–∏—Ö–∞–∏–ª –ë–æ—Ä–∏—Å–æ–≤ - 40
Nikomuro - 40
zSilas - 40
Aldorens - 40
AndrewTheStalker - 40
savage81 - 39
Bedouin - 38
Alkozin - 38
svtol - 38
T_G_K - 38
Vaska72 - 37
LaY_zzz - 37
Damien_Thorn - 37
salmin - 37
pol78 - 37
medvezhut - 36
Ismagilov Roman - 36
gsv - 36
h4Cx78 - 36
oldmen - 36
Rockstar - 36
Nikolaich - 36
eugennik - 36
vespex - 35
_govorilka - 35
Den3309 - 35
Karta01ru - 35
–ê–Ω–¥—Ä–µ–π_SwEm - 35
xSmit - 34
Alexandra Pogudina - 34
DuhaNsk - 34
qwerty51 - 33
Donatello - 33
Dimkansk - 32
Azor Ku - 32
_DR_ - 32
Vadim Zudkin - 32
ArnoldAleksandr - 31
MBear - 31
dmOx - 30
–ú–µ—Ö–∞–∏–ª - 30
Romanso - 29
–ú–∞—Ä–≥–∞—Ä–∏—Ç–∞ - 29
torovec - 29
Lehansk90 - 29
amtor47 - 29
svdeys - 29
–í–∏–∫—Ç–æ—Ä–∏—è - 29
ckopnuo-67 - 28
Denm4a1 - 28
fserges - 28
adima - 27
freeExec - 27
iDamir - 27
EugeneVD - 27
snr - 27
Yarroslav - 27
rumigu - 26
Badani - 26
–î—è–¥—è –ê–ª–µ–∫—Å - 26
LittlePONNY - 26
den0508 - 25
Pavel1377 - 25
CAHbKA-IV - 25
esperu - 25
–ê–Ω–Ω—ç—Ç–∏–∫ - 25
woodpeck_repair - 25
raf_gps - 25
staytuned - 25
Koljan87 - 25
Dmitry Olyenyov - 24
Juli-li - 24
axelr - 23
rip - 23
easmik - 23
Freem - 23
gabenok - 23
solomax - 23
SergeyNSK - 22
Dimokpower - 22
stellz - 22
supremevil - 22
kremlao - 22
yalfhg - 22
rbuch703 - 22
RomanZar - 22
–∫–∞–º–∏–∫–∞–¥–∑–µ - 22
kupino-cck - 21
fernando_67 - 21
~Grek~ - 21
zqax - 20
Bulldouzer - 20
Micogen - 20
KsushKA - 20
redopium - 20
pyadov - 19
Alexiofx - 19
–û–ª—å–≥–∞26 - 19
Exella - 19
Wol1981 - 18
Nesmero - 18
hazardm - 18
Mir76 - 18
–ê–ª–∏–Ω–∞ –†—é–º—à–∏–Ω–∞ - 18
Kanieva_Maria - 17
PA94 - 17
Zhulik - 17
Kostya8792 - 16
Fortress - 16
MockuT - 15
Andreevdp - 15
andrewry - 15
elazarev - 15
SuperJet59rus - 15
XaE - 15
Karahagen - 15
mad_sanity - 15
–†–æ–º–∞–Ω–µ–Ω–∫–æ –°–æ—Ñ–∏—è - 14
Ordin - 14
AxiS - 14
baks72 - 14
novodim - 14
KonoSV - 14
Andrei Polushin - 14
–õ–∞—Ä–∏—Å–∞ –ù–∞—Å—ã—Ä–æ–≤–∞ - 14
M I‚Ä†I S - 14
–ï–ª–µ–Ω–∞123456789 - 14
Just55 - 13
patashnik - 13
bober953 - 13
Estetic Service - 13
osm-kazakhstan - 13
Peter Suvorov - 13
IqRus - 12
maynich - 12
Axill - 12
Eugene Bogoyavlensky - 12
FaveOfTheSun - 12
ullus - 12
Uzhur - 12
develmax - 12
nafania - 12
demonlord32 - 11
birkoff - 11
serj02 - 11
gadina - 11
Opeckun - 11
calfarome - 11
–ê–ª–µ–∫—Å–∞–Ω–¥—Ä –ê–ª–µ–∫—Å–∞–Ω–¥—Ä–æ–≤–∏—á - 11
w(HiT)e - 11
freietonne-db - 11
xybot - 11
Alexey Sirotkin - 11
x86128 - 11
–®—É—Ä–∫–∞ - 11
–?–ª—å—è –£—Å–µ–Ω–∫–æ - 10
Sirozha - 10
–ê–Ω–¥—Ä–µ–π2013 - 10
Striker2000 - 10
MaxS - 10
Sekt¬Æ - 10
Al6ka - 10
Chekotryas - 10
GoodOk - 10
aos1986 - 10
Eugene Muzychenko - 10
guest - 9
leonet - 9
SVA - 9
Gluk02 - 9
pilat - 9
MakcuM_1984 - 9
–ú–∏—Ö–∞–∏–ª –ù–æ–≤–∏–∫–æ–≤ - 9
gamma-aspirin - 9
serge_vl - 8
PlasmaGAN - 8
Detonator - 8
–í–æ–ª–æ–¥—è71 - 8
Vvs2 - 8
–ö—Å–µ–Ω–∏—è–≠–ë–ê - 8
VadimZ - 8
Storm-Sli - 8
2008vit - 8
Mogamashina - 8
–ê–Ω–∞—Å—Ç–∞—Å–∏—è –°–µ—Ä–≥–µ–µ–≤–Ω–∞ - 8
Lyubchenko Denis - 8
–§—É—Ä–º–∞–Ω–æ–≤ - 8
Vadim Ippolitov - 8
drewy - 8
Anton Dessiatov - 8
Paspartu - 8
Shonchalay - 8
GT21 - 8
lks1 - 8
iaros - 7
Manu1400 - 7
Boobies - 7
–ú–∏—Ç—ë–∫ - 7
ZCC - 7
asinko03 - 7
Katya817 - 7
EvgeniaB - 7
armahema - 7
natanga - 7
lionS - 7
jatisw - 7
—Å–∏–±–∏—Ä—è–∫54 - 7
Zverik - 7
Jim_Di - 7
void_nsk - 6
CutterRus - 6
nick_volynkin - 6
sanek01 - 6
bull31 - 6
sadko1978m - 6
xVir - 6
melodictsk - 6
justhack - 6
–ù–∏–∫ –° - 6
anyerdna - 6
salsergey - 6
MadBorman - 6
D is Developer - 6
hadhuey - 6
Alisha - 6
peshkov - 6
–î–æ–ª–∞–Ω–∞ - 5
Zkir - 5
–ê–Ω–∂–µ–ª–∞ - 5
Sargis-T111 - 5
gwinder - 5
Pas - 5
MZaitsev - 5
Andrej-2 - 5
Dmitriy Sysoev - 5
Inok - 5
MaximNikiforov - 5
Barmagon - 5
Miheich - 5
metrosib - 5
Anrock - 5
omagic - 5
nki251 - 5
Vlasoft - 5
mtrr - 5
k0rd - 5
Sibirier - 5
art_chernyshev - 5
maryfedor - 5
LMNNsk - 5
nebm51 - 5
Traveler's Coffee - 5
kemmok - 5
n06rin - 5
TEDERIs - 4
–∞—Ä–∫–∞–Ω - 4
frol9 - 4
BoomEngine - 4
Artem_A - 4
vitalipet - 4
ToGr - 4
apca - 4
ediyes - 4
elena20112602 - 4
landfahrer - 4
–ï–≤–≥–µ–Ω–∏–π –Æ—Ä–∫–∏–Ω - 4
De14ri10ng - 4
taeno - 4
Skomoroshka - 4
b108 - 4
atsman - 4
–ï–≤–≥–µ–Ω–æ–≤–∞ –õ—é–¥–º–∏–ª–∞ - 4
Doggers - 4
dedNikifor - 4
BiIbo - 4
andygol - 4
withoutface - 4
Tatyana54 - 4
sashazykov - 4
–ï—Ä–º–∞–∫ - 4
Sen-–Ø - 4
malcolmh - 4
Luis36995 - 4
masha33 - 4
share-ware - 4
Vladimir Gin - 4
BORZOTA - 4
KlaydF - 4
pbav - 4
—Å–Ω–µ–∂–∞ - 4
ignat_b - 4
IainMaclean - 4
Ksk91 - 4
VeloNightGroup - 4
mrmurrdoc - 4
salik154 - 4
–û—Ç–ª–∏—á–Ω–∏—Ü–∞ - 4
Niker - 4
Petja - 4
pogoreli - 4
sibklubok - 4
srez - 4
–¥–∏–∑–∏–ª–∏—Å—Ç - 4
Kutuzov_optim - 4
DIMM54ka - 4
StasPekur - 4
Yuliya28 - 3
TSA21432 - 3
fomichenko - 3
niro - 3
ohmy - 3
imbizo - 3
kuzmatsukanov - 3
ksenia - 3
art2010 - 3
Vladislav Naumov - 3
alex_img - 3
MaryVeryTheOne - 3
Dr Kludge - 3
Sergey Astakhov - 3
Tim Morley - 3
Ramzes - 3
–í–µ—Ä–æ–Ω–∏–∫–∞93 - 3
Ezovskikh - 3
Andre68 - 3
Aristo - 3
Taxivs - 3
Sergey Dorokhin - 3
IGNAT_VELIKIY - 3
nikolamedik - 3
Kazikin - 3
–ö–∞—Ç–µ—Ä–∏–Ω–∞* - 3
fris - 3
GanKo - 3
Vyvern - 3
yasaniok - 3
–ê–Ω–¥—Ä–µ–π –ì–æ–ª–æ–≤–∏–Ω - 3
markoverride - 3
Alexander108 - 3
EditAmateur - 2
–ú–∞—à–∞1993 - 2
Hunternsk - 2
vovchic - 2
–ê–ª–µ—Ö - 2
Gorovato - 2
Sergej Bestuzhev - 2
Andrey-N - 2
maggot27 - 2
1234glaz - 2
igor1969 - 2
Ashlee - 2
–û+–ª+—è - 2
Golova - 2
stewie_fisher - 2
AlexTheTux - 2
–≤–∞—Ö—Ç–æ–≤–∏–∫ - 2
Vazhnov Alexey - 2
uno3_2012 - 2
alniro1961 - 2
kalmar - 2
al56 - 2
VIPstars - 2
Saveli - 2
Myst - 2
kudryavsky - 2
trolleway - 2
Evgenyc - 2
king_nsk - 2
zed-nsk - 2
zverevsergei - 2
k555211 - 2
ken826 - 2
lexa36588 - 2
KekcuHa - 2
Saniga85 - 2
bossleo - 2
yaleks - 2
dr_hertz - 2
iHedonist - 1
–óZZZ - 1
Hassium - 1
xof - 1
Rub21 - 1
–∞–ª–µ–∫—Å–∞-–∞–ª–µ–∫—Å–µ–π - 1
Tropina Olesya - 1
katoshi - 1
ruthmaben - 1
inferst - 1
shura0 - 1
TAPAKAH - 1
SMP - 1
Collide205 - 1
Yura Svetlanov - 1
serikst - 1
ajk - 1
snixxzz - 1
eugene3306 - 1
int_ua - 1
Row - 1
HHCacher - 1
kaminari - 1
NTKe - 1
efred - 1
spark-23 - 1
Naty90 - 1
tvm - 1
–°–µ—Ä–≥–µ–π N - 1
zzazab - 1
JuliaFit - 1
–?–≤–∞–Ω –ö—Ä–∞—É—Å - 1
zsm991 - 1
plastun - 1
046 - 1
cgu66 - 1
Ivazin - 1
iRadysyuk - 1
Jonny80 - 1
Jickx - 1
leg47 - 1
Zilovetc - 1
autoprokat54 - 1
Walter Schl√∂gl - 1
ovit2 - 1
Dracon64 - 1
navigARTor - 1
ranger90 - 1
hkm - 1
yaric - 1
reta - 1
Azor - 1
asfintesco - 1
Pavel Konovalov - 1
stenl - 1
Pudich - 1
leshey - 1
letchik - 1
Claudius Henrichs - 1
Alexey Spiridonov - 1
one_half_3544 - 1
Spol1981 - 1
–î–≤–µ–¥—å - 1
Toxa-xa - 1
veronika1412 - 1
Murat Dzhusupov - 1
AndiG88 - 1
ciclista - 1
deksden - 1
tretjakoffffa - 1
GriFF - 1
Classen - 1
Fabi2 - 1
Stanislav Novosibirsk - 1
k1pro - 1
greywind - 1
–∫—Å–µ–Ω–∏—è –∫–æ–∑–ª–æ–≤–∞ - 1
uboot - 1
andrewa78 - 1
Syl - 1
overwolf - 1
wheelmap_visitor - 1
Djonik - 1
lzhl - 1
aquamarishechka - 1
Jochen Topf - 1
Amaroussi - 1
Ropino - 1
olehz - 1
mavl - 1
DemanO - 1
tixuwuoz - 1
konev - 1
mikser33 - 1
romzes722 - 1
Kristinajdm - 1
Ezhick - 1
K2Zed - 1
Dron_007 - 1
Tags:
uid - 4995317
lon - 4995317
id - 4995317
user - 4995317
version - 4995317
lat - 4995317
changeset - 4995317
timestamp - 4995317
